<?xml version="1.0" encoding="UTF-8"?>
<!-- Generated by org.testng.reporters.JUnitReportReporter -->
<testsuite hostname="Victus_16" failures="0" tests="5" name="tests.CheckoutFlowTest" time="35.103" errors="0" timestamp="2025-09-08T14:21:21 IST" skipped="0">
  <testcase classname="tests.CheckoutFlowTest" name="testLogin" time="12.261"/>
  <testcase classname="tests.CheckoutFlowTest" name="testAddToCart" time="5.848"/>
  <testcase classname="tests.CheckoutFlowTest" name="testProceedToCheckout" time="6.271"/>
  <testcase classname="tests.CheckoutFlowTest" name="testFillAddressAndSubmit" time="5.529"/>
  <testcase classname="tests.CheckoutFlowTest" name="testOrderConfirmationAndReceipt" time="5.194"/>
</testsuite> <!-- tests.CheckoutFlowTest -->
