<?xml version="1.0" encoding="UTF-8"?>
<!-- Generated by org.testng.reporters.JUnitReportReporter -->
<testsuite hostname="Victus_16" failures="0" tests="5" name="tests.LoginTest" time="8.519" errors="0" timestamp="2025-09-08T14:21:21 IST" skipped="0">
  <testcase classname="tests.LoginTest" name="invalidPassword" time="0.849"/>
  <testcase classname="tests.LoginTest" name="openLoginPage" time="3.677"/>
  <testcase classname="tests.LoginTest" name="validLogin" time="2.321"/>
  <testcase classname="tests.LoginTest" name="emptyUsername" time="0.812"/>
  <testcase classname="tests.LoginTest" name="emptyPassword" time="0.860"/>
</testsuite> <!-- tests.LoginTest -->
