<?xml version="1.0" encoding="UTF-8"?>
<!-- Generated by org.testng.reporters.JUnitReportReporter -->
<testsuite hostname="Victus_16" failures="0" tests="2" name="tests.FavoritesTest" time="12.740" errors="0" timestamp="2025-09-08T14:21:21 IST" skipped="0">
  <testcase classname="tests.FavoritesTest" name="testAddFavorite" time="9.464"/>
  <testcase classname="tests.FavoritesTest" name="testOpenFavouritesAndAssert" time="3.276"/>
</testsuite> <!-- tests.FavoritesTest -->
