<?xml version="1.0" encoding="UTF-8"?>
<!-- Generated by org.testng.reporters.JUnitReportReporter -->
<testsuite hostname="Victus_16" failures="0" tests="5" name="tests.LoginTest" time="6.515" errors="0" timestamp="2025-09-08T10:39:10 IST" skipped="0">
  <testcase classname="tests.LoginTest" name="emptyPassword" time="0.820"/>
  <testcase classname="tests.LoginTest" name="openLoginPage" time="2.297"/>
  <testcase classname="tests.LoginTest" name="validLogin" time="1.765"/>
  <testcase classname="tests.LoginTest" name="emptyUsername" time="0.801"/>
  <testcase classname="tests.LoginTest" name="invalidPassword" time="0.832"/>
</testsuite> <!-- tests.LoginTest -->
