<?xml version="1.0" encoding="UTF-8"?>
<!-- Generated by org.testng.reporters.JUnitReportReporter -->
<testsuite hostname="Victus_16" failures="0" tests="5" name="tests.CheckoutFlowTest" time="33.376" errors="0" timestamp="2025-09-09T09:13:42 IST" skipped="0">
  <testcase classname="tests.CheckoutFlowTest" name="testLogin" time="9.678"/>
  <testcase classname="tests.CheckoutFlowTest" name="testAddToCart" time="6.275"/>
  <testcase classname="tests.CheckoutFlowTest" name="testProceedToCheckout" time="5.969"/>
  <testcase classname="tests.CheckoutFlowTest" name="testFillAddressAndSubmit" time="6.102"/>
  <testcase classname="tests.CheckoutFlowTest" name="testOrderConfirmationAndReceipt" time="5.352"/>
</testsuite> <!-- tests.CheckoutFlowTest -->
