<?xml version="1.0" encoding="UTF-8"?>
<!-- Generated by org.testng.reporters.JUnitReportReporter -->
<testsuite hostname="Victus_16" failures="0" tests="3" name="tests.CartTest" time="40.838" errors="0" timestamp="2025-09-08T14:21:21 IST" skipped="0">
  <testcase classname="tests.CartTest" name="testLoginAndOpenCart" time="29.812"/>
  <testcase classname="tests.CartTest" name="testAddItemAndAssertQuantity" time="5.261"/>
  <testcase classname="tests.CartTest" name="testProceedToCheckout" time="5.765"/>
</testsuite> <!-- tests.CartTest -->
