<?xml version="1.0" encoding="UTF-8"?>
<!-- Generated by org.testng.reporters.JUnitReportReporter -->
<testsuite hostname="Victus_16" failures="0" tests="4" name="tests.HomePageTest" time="38.512" errors="0" timestamp="2025-09-09T16:52:58 IST" skipped="0">
  <testcase classname="tests.HomePageTest" name="shouldSelectAndClearEachVendorInOnePass" time="21.676"/>
  <testcase classname="tests.HomePageTest" name="shouldAddFirstProductToCart" time="5.238"/>
  <testcase classname="tests.HomePageTest" name="shouldSortCatalogAndCaptureShots" time="4.446"/>
  <testcase classname="tests.HomePageTest" name="shouldLoadCatalogAndListProducts" time="7.152"/>
</testsuite> <!-- tests.HomePageTest -->
