<?xml version="1.0" encoding="UTF-8"?>
<!-- Generated by org.testng.reporters.JUnitReportReporter -->
<testsuite hostname="Victus_16" failures="0" tests="2" name="tests.FavoritesTest" time="11.941" errors="0" timestamp="2025-09-08T02:54:04 IST" skipped="0">
  <testcase classname="tests.FavoritesTest" name="testAddFavorite" time="8.695"/>
  <testcase classname="tests.FavoritesTest" name="testOpenFavouritesAndAssert" time="3.246"/>
</testsuite> <!-- tests.FavoritesTest -->
