<?xml version="1.0" encoding="UTF-8"?>
<!-- Generated by org.testng.reporters.JUnitReportReporter -->
<testsuite hostname="Victus_16" failures="0" tests="2" name="tests.IntegrationFlowTest" time="25.055" errors="0" timestamp="2025-09-08T14:21:21 IST" skipped="0">
  <testcase classname="tests.IntegrationFlowTest" name="endToEndUserJourney" time="12.773"/>
  <testcase classname="tests.IntegrationFlowTest" name="endToEndUserJourney" time="12.282"/>
</testsuite> <!-- tests.IntegrationFlowTest -->
