<?xml version="1.0" encoding="UTF-8"?>
<!-- Generated by org.testng.reporters.JUnitReportReporter -->
<testsuite hostname="Victus_16" failures="0" tests="2" name="runners.TestRunner" time="3.814" errors="0" timestamp="2025-09-08T02:54:04 IST" skipped="0">
  <testcase classname="runners.TestRunner" name="runScenario" time="1.497"/>
  <testcase classname="runners.TestRunner" name="runScenario" time="2.317"/>
</testsuite> <!-- runners.TestRunner -->
