<?xml version="1.0" encoding="UTF-8"?>
<!-- Generated by org.testng.reporters.JUnitReportReporter -->
<testsuite hostname="Victus_16" failures="0" tests="5" name="tests.CheckoutFlowTest" time="31.663" errors="0" timestamp="2025-09-09T14:11:05 IST" skipped="0">
  <testcase classname="tests.CheckoutFlowTest" name="testLogin" time="9.082"/>
  <testcase classname="tests.CheckoutFlowTest" name="testAddToCart" time="5.874"/>
  <testcase classname="tests.CheckoutFlowTest" name="testProceedToCheckout" time="5.767"/>
  <testcase classname="tests.CheckoutFlowTest" name="testFillAddressAndSubmit" time="5.763"/>
  <testcase classname="tests.CheckoutFlowTest" name="testOrderConfirmationAndReceipt" time="5.177"/>
</testsuite> <!-- tests.CheckoutFlowTest -->
