<?xml version="1.0" encoding="UTF-8"?>
<!-- Generated by org.testng.reporters.JUnitReportReporter -->
<testsuite hostname="Victus_16" failures="0" tests="4" name="tests.HomePageTest" time="39.712" errors="0" timestamp="2025-09-09T14:11:05 IST" skipped="0">
  <testcase classname="tests.HomePageTest" name="shouldSortCatalogAndCaptureShots" time="4.468"/>
  <testcase classname="tests.HomePageTest" name="shouldLoadCatalogAndListProducts" time="7.948"/>
  <testcase classname="tests.HomePageTest" name="shouldSelectAndClearEachVendorInOnePass" time="21.984"/>
  <testcase classname="tests.HomePageTest" name="shouldAddFirstProductToCart" time="5.312"/>
</testsuite> <!-- tests.HomePageTest -->
