<?xml version="1.0" encoding="UTF-8"?>
<!-- Generated by org.testng.reporters.JUnitReportReporter -->
<testsuite hostname="Victus_16" failures="0" tests="2" name="runners.TestRunner" time="3.927" errors="0" timestamp="2025-09-08T14:21:21 IST" skipped="0">
  <testcase classname="runners.TestRunner" name="runScenario" time="2.213"/>
  <testcase classname="runners.TestRunner" name="runScenario" time="1.714"/>
</testsuite> <!-- runners.TestRunner -->
