<?xml version="1.0" encoding="UTF-8"?>
<!-- Generated by org.testng.reporters.JUnitReportReporter -->
<testsuite hostname="Victus_16" failures="0" tests="4" name="tests.HomePageTest" time="41.839" errors="0" timestamp="2025-09-09T09:13:42 IST" skipped="0">
  <testcase classname="tests.HomePageTest" name="shouldAddFirstProductToCart" time="5.532"/>
  <testcase classname="tests.HomePageTest" name="shouldLoadCatalogAndListProducts" time="7.675"/>
  <testcase classname="tests.HomePageTest" name="shouldSelectAndClearEachVendorInOnePass" time="23.696"/>
  <testcase classname="tests.HomePageTest" name="shouldSortCatalogAndCaptureShots" time="4.936"/>
</testsuite> <!-- tests.HomePageTest -->
