<?xml version="1.0" encoding="UTF-8"?>
<!-- Generated by org.testng.reporters.JUnitReportReporter -->
<testsuite hostname="Victus_16" failures="0" tests="2" name="tests.IntegrationFlowTest" time="39.770" errors="0" timestamp="2025-09-09T16:52:58 IST" skipped="0">
  <testcase classname="tests.IntegrationFlowTest" name="endToEndUserJourney" time="18.685"/>
  <testcase classname="tests.IntegrationFlowTest" name="endToEndUserJourney" time="21.085"/>
</testsuite> <!-- tests.IntegrationFlowTest -->
