<?xml version="1.0" encoding="UTF-8"?>
<!-- Generated by org.testng.reporters.JUnitReportReporter -->
<testsuite hostname="Victus_16" failures="0" tests="3" name="tests.CartTest" time="25.036" errors="0" timestamp="2025-09-09T14:11:05 IST" skipped="0">
  <testcase classname="tests.CartTest" name="testLoginAndOpenCart" time="13.468"/>
  <testcase classname="tests.CartTest" name="testAddItemAndAssertQuantity" time="5.309"/>
  <testcase classname="tests.CartTest" name="testProceedToCheckout" time="6.259"/>
</testsuite> <!-- tests.CartTest -->
