<?xml version="1.0" encoding="UTF-8"?>
<!-- Generated by org.testng.reporters.JUnitReportReporter -->
<testsuite hostname="Victus_16" failures="0" tests="1" name="tests.OffersPageTest" time="8.840" errors="0" timestamp="2025-09-09T14:11:05 IST" skipped="0">
  <testcase classname="tests.OffersPageTest" name="shouldShowNoPromotionalOffersMessage" time="8.840"/>
</testsuite> <!-- tests.OffersPageTest -->
