<?xml version="1.0" encoding="UTF-8"?>
<!-- Generated by org.testng.reporters.JUnitReportReporter -->
<testsuite hostname="Victus_16" failures="0" tests="2" name="tests.IntegrationFlowTest" time="23.362" errors="0" timestamp="2025-09-09T14:11:05 IST" skipped="0">
  <testcase classname="tests.IntegrationFlowTest" name="endToEndUserJourney" time="14.553"/>
  <testcase classname="tests.IntegrationFlowTest" name="endToEndUserJourney" time="8.809"/>
</testsuite> <!-- tests.IntegrationFlowTest -->
