<?xml version="1.0" encoding="UTF-8"?>
<!-- Generated by org.testng.reporters.JUnitReportReporter -->
<testsuite hostname="Victus_16" failures="0" tests="5" name="tests.CheckoutFlowTest" time="32.417" errors="0" timestamp="2025-09-08T10:39:10 IST" skipped="0">
  <testcase classname="tests.CheckoutFlowTest" name="testLogin" time="9.897"/>
  <testcase classname="tests.CheckoutFlowTest" name="testAddToCart" time="5.870"/>
  <testcase classname="tests.CheckoutFlowTest" name="testProceedToCheckout" time="5.760"/>
  <testcase classname="tests.CheckoutFlowTest" name="testFillAddressAndSubmit" time="5.744"/>
  <testcase classname="tests.CheckoutFlowTest" name="testOrderConfirmationAndReceipt" time="5.146"/>
</testsuite> <!-- tests.CheckoutFlowTest -->
