<?xml version="1.0" encoding="UTF-8"?>
<!-- Generated by org.testng.reporters.JUnitReportReporter -->
<testsuite hostname="Victus_16" failures="0" tests="4" name="tests.HomePageTest" time="37.907" errors="0" timestamp="2025-09-08T02:54:04 IST" skipped="0">
  <testcase classname="tests.HomePageTest" name="shouldLoadCatalogAndListProducts" time="6.397"/>
  <testcase classname="tests.HomePageTest" name="shouldAddFirstProductToCart" time="5.286"/>
  <testcase classname="tests.HomePageTest" name="shouldSelectAndClearEachVendorInOnePass" time="21.820"/>
  <testcase classname="tests.HomePageTest" name="shouldSortCatalogAndCaptureShots" time="4.404"/>
</testsuite> <!-- tests.HomePageTest -->
