<?xml version="1.0" encoding="UTF-8"?>
<!-- Generated by org.testng.reporters.JUnitReportReporter -->
<testsuite hostname="Victus_16" failures="0" tests="2" name="runners.TestRunner" time="11.318" errors="0" timestamp="2025-09-09T09:13:42 IST" skipped="0">
  <testcase classname="runners.TestRunner" name="runScenario" time="2.309"/>
  <testcase classname="runners.TestRunner" name="runScenario" time="9.009"/>
</testsuite> <!-- runners.TestRunner -->
