<?xml version="1.0" encoding="UTF-8"?>
<!-- Generated by org.testng.reporters.JUnitReportReporter -->
<testsuite hostname="Victus_16" failures="0" tests="2" name="tests.IntegrationFlowTest" time="18.955" errors="0" timestamp="2025-09-09T09:13:42 IST" skipped="0">
  <testcase classname="tests.IntegrationFlowTest" name="endToEndUserJourney" time="10.789"/>
  <testcase classname="tests.IntegrationFlowTest" name="endToEndUserJourney" time="8.166"/>
</testsuite> <!-- tests.IntegrationFlowTest -->
