<?xml version="1.0" encoding="UTF-8"?>
<!-- Generated by org.testng.reporters.JUnitReportReporter -->
<testsuite hostname="Victus_16" failures="0" tests="5" name="tests.LoginTest" time="11.338" errors="0" timestamp="2025-09-09T09:13:42 IST" skipped="0">
  <testcase classname="tests.LoginTest" name="invalidPassword" time="1.331"/>
  <testcase classname="tests.LoginTest" name="emptyUsername" time="1.201"/>
  <testcase classname="tests.LoginTest" name="openLoginPage" time="3.212"/>
  <testcase classname="tests.LoginTest" name="emptyPassword" time="1.699"/>
  <testcase classname="tests.LoginTest" name="validLogin" time="3.895"/>
</testsuite> <!-- tests.LoginTest -->
