<?xml version="1.0" encoding="UTF-8"?>
<!-- Generated by org.testng.reporters.JUnitReportReporter -->
<testsuite hostname="Victus_16" failures="0" tests="5" name="tests.LoginTest" time="9.169" errors="0" timestamp="2025-09-08T02:54:04 IST" skipped="0">
  <testcase classname="tests.LoginTest" name="emptyPassword" time="0.821"/>
  <testcase classname="tests.LoginTest" name="openLoginPage" time="5.022"/>
  <testcase classname="tests.LoginTest" name="emptyUsername" time="0.851"/>
  <testcase classname="tests.LoginTest" name="validLogin" time="1.568"/>
  <testcase classname="tests.LoginTest" name="invalidPassword" time="0.907"/>
</testsuite> <!-- tests.LoginTest -->
