<?xml version="1.0" encoding="UTF-8"?>
<!-- Generated by org.testng.reporters.JUnitReportReporter -->
<testsuite hostname="Victus_16" failures="0" tests="5" name="tests.CheckoutFlowTest" time="32.841" errors="0" timestamp="2025-09-09T16:52:58 IST" skipped="0">
  <testcase classname="tests.CheckoutFlowTest" name="testLogin" time="9.525"/>
  <testcase classname="tests.CheckoutFlowTest" name="testAddToCart" time="5.884"/>
  <testcase classname="tests.CheckoutFlowTest" name="testProceedToCheckout" time="6.764"/>
  <testcase classname="tests.CheckoutFlowTest" name="testFillAddressAndSubmit" time="5.510"/>
  <testcase classname="tests.CheckoutFlowTest" name="testOrderConfirmationAndReceipt" time="5.158"/>
</testsuite> <!-- tests.CheckoutFlowTest -->
