<?xml version="1.0" encoding="UTF-8"?>
<!-- Generated by org.testng.reporters.JUnitReportReporter -->
<testsuite hostname="Victus_16" failures="0" tests="5" name="tests.CheckoutFlowTest" time="30.944" errors="0" timestamp="2025-09-08T02:54:04 IST" skipped="0">
  <testcase classname="tests.CheckoutFlowTest" name="testLogin" time="8.572"/>
  <testcase classname="tests.CheckoutFlowTest" name="testAddToCart" time="5.857"/>
  <testcase classname="tests.CheckoutFlowTest" name="testProceedToCheckout" time="5.701"/>
  <testcase classname="tests.CheckoutFlowTest" name="testFillAddressAndSubmit" time="5.639"/>
  <testcase classname="tests.CheckoutFlowTest" name="testOrderConfirmationAndReceipt" time="5.175"/>
</testsuite> <!-- tests.CheckoutFlowTest -->
