<?xml version="1.0" encoding="UTF-8"?>
<!-- Generated by org.testng.reporters.JUnitReportReporter -->
<testsuite hostname="Victus_16" failures="0" tests="1" name="tests.OffersPageTest" time="5.400" errors="0" timestamp="2025-09-08T10:39:10 IST" skipped="0">
  <testcase classname="tests.OffersPageTest" name="shouldShowNoPromotionalOffersMessage" time="5.400"/>
</testsuite> <!-- tests.OffersPageTest -->
