<?xml version="1.0" encoding="UTF-8"?>
<!-- Generated by org.testng.reporters.JUnitReportReporter -->
<testsuite hostname="Victus_16" failures="0" tests="3" name="tests.CartTest" time="23.102" errors="0" timestamp="2025-09-08T02:54:04 IST" skipped="0">
  <testcase classname="tests.CartTest" name="testLoginAndOpenCart" time="12.148"/>
  <testcase classname="tests.CartTest" name="testAddItemAndAssertQuantity" time="5.255"/>
  <testcase classname="tests.CartTest" name="testProceedToCheckout" time="5.699"/>
</testsuite> <!-- tests.CartTest -->
