<?xml version="1.0" encoding="UTF-8"?>
<!-- Generated by org.testng.reporters.JUnitReportReporter -->
<testsuite hostname="Victus_16" failures="0" tests="3" name="tests.OrderConfirmationTest" time="20.085" errors="0" timestamp="2025-09-09T09:13:42 IST" skipped="0">
  <testcase classname="tests.OrderConfirmationTest" name="addItemOpenCartAndAssertQty" time="12.637"/>
  <testcase classname="tests.OrderConfirmationTest" name="proceedToCheckoutAndFillAddress" time="6.805"/>
  <testcase classname="tests.OrderConfirmationTest" name="assertConfirmationAndDownloadReceipt" time="0.643"/>
</testsuite> <!-- tests.OrderConfirmationTest -->
