<?xml version="1.0" encoding="UTF-8"?>
<!-- Generated by org.testng.reporters.JUnitReportReporter -->
<testsuite hostname="Victus_16" failures="0" tests="3" name="tests.CartTest" time="21.189" errors="0" timestamp="2025-09-09T09:13:42 IST" skipped="0">
  <testcase classname="tests.CartTest" name="testLoginAndOpenCart" time="9.561"/>
  <testcase classname="tests.CartTest" name="testAddItemAndAssertQuantity" time="5.585"/>
  <testcase classname="tests.CartTest" name="testProceedToCheckout" time="6.043"/>
</testsuite> <!-- tests.CartTest -->
