<?xml version="1.0" encoding="UTF-8"?>
<!-- Generated by org.testng.reporters.JUnitReportReporter -->
<testsuite hostname="Victus_16" failures="0" tests="3" name="tests.CartTest" time="20.983" errors="0" timestamp="2025-09-08T10:39:10 IST" skipped="0">
  <testcase classname="tests.CartTest" name="testLoginAndOpenCart" time="9.883"/>
  <testcase classname="tests.CartTest" name="testAddItemAndAssertQuantity" time="5.328"/>
  <testcase classname="tests.CartTest" name="testProceedToCheckout" time="5.772"/>
</testsuite> <!-- tests.CartTest -->
