<?xml version="1.0" encoding="UTF-8"?>
<!-- Generated by org.testng.reporters.JUnitReportReporter -->
<testsuite hostname="Victus_16" failures="0" tests="4" name="tests.HomePageTest" time="40.621" errors="0" timestamp="2025-09-08T14:21:21 IST" skipped="0">
  <testcase classname="tests.HomePageTest" name="shouldSelectAndClearEachVendorInOnePass" time="21.943"/>
  <testcase classname="tests.HomePageTest" name="shouldLoadCatalogAndListProducts" time="8.874"/>
  <testcase classname="tests.HomePageTest" name="shouldSortCatalogAndCaptureShots" time="4.516"/>
  <testcase classname="tests.HomePageTest" name="shouldAddFirstProductToCart" time="5.288"/>
</testsuite> <!-- tests.HomePageTest -->
