<?xml version="1.0" encoding="UTF-8"?>
<!-- Generated by org.testng.reporters.JUnitReportReporter -->
<testsuite hostname="Victus_16" failures="0" tests="2" name="runners.TestRunner" time="3.597" errors="0" timestamp="2025-09-08T10:39:10 IST" skipped="0">
  <testcase classname="runners.TestRunner" name="runScenario" time="2.062"/>
  <testcase classname="runners.TestRunner" name="runScenario" time="1.535"/>
</testsuite> <!-- runners.TestRunner -->
