<?xml version="1.0" encoding="UTF-8"?>
<!-- Generated by org.testng.reporters.JUnitReportReporter -->
<testsuite hostname="Victus_16" failures="0" tests="5" name="tests.LoginTest" time="6.883" errors="0" timestamp="2025-09-09T16:52:58 IST" skipped="0">
  <testcase classname="tests.LoginTest" name="emptyPassword" time="0.947"/>
  <testcase classname="tests.LoginTest" name="invalidPassword" time="0.921"/>
  <testcase classname="tests.LoginTest" name="emptyUsername" time="0.852"/>
  <testcase classname="tests.LoginTest" name="validLogin" time="1.736"/>
  <testcase classname="tests.LoginTest" name="openLoginPage" time="2.427"/>
</testsuite> <!-- tests.LoginTest -->
