<?xml version="1.0" encoding="UTF-8"?>
<!-- Generated by org.testng.reporters.JUnitReportReporter -->
<testsuite hostname="Victus_16" failures="0" tests="5" name="tests.LoginTest" time="8.692" errors="0" timestamp="2025-09-09T10:24:36 IST" skipped="0">
  <testcase classname="tests.LoginTest" name="emptyUsername" time="1.085"/>
  <testcase classname="tests.LoginTest" name="invalidPassword" time="1.251"/>
  <testcase classname="tests.LoginTest" name="openLoginPage" time="2.887"/>
  <testcase classname="tests.LoginTest" name="validLogin" time="2.310"/>
  <testcase classname="tests.LoginTest" name="emptyPassword" time="1.159"/>
</testsuite> <!-- tests.LoginTest -->
