<?xml version="1.0" encoding="UTF-8"?>
<!-- Generated by org.testng.reporters.JUnitReportReporter -->
<testsuite hostname="Victus_16" failures="0" tests="4" name="tests.HomePageTest" time="43.987" errors="0" timestamp="2025-09-09T09:21:58 IST" skipped="0">
  <testcase classname="tests.HomePageTest" name="shouldSortCatalogAndCaptureShots" time="4.543"/>
  <testcase classname="tests.HomePageTest" name="shouldLoadCatalogAndListProducts" time="11.995"/>
  <testcase classname="tests.HomePageTest" name="shouldSelectAndClearEachVendorInOnePass" time="22.086"/>
  <testcase classname="tests.HomePageTest" name="shouldAddFirstProductToCart" time="5.363"/>
</testsuite> <!-- tests.HomePageTest -->
