<?xml version="1.0" encoding="UTF-8"?>
<!-- Generated by org.testng.reporters.JUnitReportReporter -->
<testsuite hostname="Victus_16" failures="0" tests="3" name="tests.CartTest" time="23.535" errors="0" timestamp="2025-09-08T17:18:39 IST" skipped="0">
  <testcase classname="tests.CartTest" name="testLoginAndOpenCart" time="12.726"/>
  <testcase classname="tests.CartTest" name="testAddItemAndAssertQuantity" time="5.160"/>
  <testcase classname="tests.CartTest" name="testProceedToCheckout" time="5.649"/>
</testsuite> <!-- tests.CartTest -->
