<?xml version="1.0" encoding="UTF-8"?>
<!-- Generated by org.testng.reporters.JUnitReportReporter -->
<testsuite hostname="Victus_16" failures="0" tests="3" name="tests.OrderConfirmationTest" time="16.823" errors="0" timestamp="2025-09-09T09:17:45 IST" skipped="0">
  <testcase classname="tests.OrderConfirmationTest" name="addItemOpenCartAndAssertQty" time="9.913"/>
  <testcase classname="tests.OrderConfirmationTest" name="proceedToCheckoutAndFillAddress" time="6.485"/>
  <testcase classname="tests.OrderConfirmationTest" name="assertConfirmationAndDownloadReceipt" time="0.425"/>
</testsuite> <!-- tests.OrderConfirmationTest -->
