<?xml version="1.0" encoding="UTF-8"?>
<!-- Generated by org.testng.reporters.JUnitReportReporter -->
<testsuite hostname="Victus_16" failures="0" tests="4" name="tests.HomePageTest" time="39.093" errors="0" timestamp="2025-09-09T14:15:16 IST" skipped="0">
  <testcase classname="tests.HomePageTest" name="shouldLoadCatalogAndListProducts" time="8.547"/>
  <testcase classname="tests.HomePageTest" name="shouldSelectAndClearEachVendorInOnePass" time="21.118"/>
  <testcase classname="tests.HomePageTest" name="shouldAddFirstProductToCart" time="5.168"/>
  <testcase classname="tests.HomePageTest" name="shouldSortCatalogAndCaptureShots" time="4.260"/>
</testsuite> <!-- tests.HomePageTest -->
