<?xml version="1.0" encoding="UTF-8"?>
<!-- Generated by org.testng.reporters.JUnitReportReporter -->
<testsuite hostname="Victus_16" failures="0" tests="5" name="tests.LoginTest" time="8.397" errors="0" timestamp="2025-09-09T09:21:58 IST" skipped="0">
  <testcase classname="tests.LoginTest" name="invalidPassword" time="1.395"/>
  <testcase classname="tests.LoginTest" name="emptyUsername" time="1.138"/>
  <testcase classname="tests.LoginTest" name="emptyPassword" time="1.192"/>
  <testcase classname="tests.LoginTest" name="validLogin" time="2.360"/>
  <testcase classname="tests.LoginTest" name="openLoginPage" time="2.312"/>
</testsuite> <!-- tests.LoginTest -->
