<?xml version="1.0" encoding="UTF-8"?>
<!-- Generated by org.testng.reporters.JUnitReportReporter -->
<testsuite hostname="Victus_16" failures="0" tests="5" name="tests.LoginTest" time="13.175" errors="0" timestamp="2025-09-09T09:52:08 IST" skipped="0">
  <testcase classname="tests.LoginTest" name="invalidPassword" time="1.346"/>
  <testcase classname="tests.LoginTest" name="emptyPassword" time="1.245"/>
  <testcase classname="tests.LoginTest" name="emptyUsername" time="1.149"/>
  <testcase classname="tests.LoginTest" name="validLogin" time="2.532"/>
  <testcase classname="tests.LoginTest" name="openLoginPage" time="6.903"/>
</testsuite> <!-- tests.LoginTest -->
