<?xml version="1.0" encoding="UTF-8"?>
<!-- Generated by org.testng.reporters.JUnitReportReporter -->
<testsuite hostname="Victus_16" failures="0" tests="1" name="tests.IntegrationFlowTest" time="9.399" errors="0" timestamp="2025-09-09T14:15:16 IST" skipped="0">
  <testcase classname="tests.IntegrationFlowTest" name="endToEndUserJourney" time="9.399"/>
</testsuite> <!-- tests.IntegrationFlowTest -->
