<?xml version="1.0" encoding="UTF-8"?>
<!-- Generated by org.testng.reporters.JUnitReportReporter -->
<testsuite hostname="Victus_16" failures="0" tests="2" name="runners.TestRunner" time="3.729" errors="0" timestamp="2025-09-09T12:18:47 IST" skipped="0">
  <testcase classname="runners.TestRunner" name="runScenario" time="2.242"/>
  <testcase classname="runners.TestRunner" name="runScenario" time="1.487"/>
</testsuite> <!-- runners.TestRunner -->
