<?xml version="1.0" encoding="UTF-8"?>
<!-- Generated by org.testng.reporters.JUnitReportReporter -->
<testsuite hostname="Victus_16" failures="0" tests="5" name="tests.CheckoutFlowTest" time="32.167" errors="0" timestamp="2025-09-09T09:21:58 IST" skipped="0">
  <testcase classname="tests.CheckoutFlowTest" name="testLogin" time="9.700"/>
  <testcase classname="tests.CheckoutFlowTest" name="testAddToCart" time="5.595"/>
  <testcase classname="tests.CheckoutFlowTest" name="testProceedToCheckout" time="5.853"/>
  <testcase classname="tests.CheckoutFlowTest" name="testFillAddressAndSubmit" time="5.837"/>
  <testcase classname="tests.CheckoutFlowTest" name="testOrderConfirmationAndReceipt" time="5.182"/>
</testsuite> <!-- tests.CheckoutFlowTest -->
