<?xml version="1.0" encoding="UTF-8"?>
<!-- Generated by org.testng.reporters.JUnitReportReporter -->
<testsuite hostname="Victus_16" failures="0" tests="3" name="tests.CartTest" time="20.316" errors="0" timestamp="2025-09-09T09:12:57 IST" skipped="0">
  <testcase classname="tests.CartTest" name="testLoginAndOpenCart" time="9.069"/>
  <testcase classname="tests.CartTest" name="testAddItemAndAssertQuantity" time="5.379"/>
  <testcase classname="tests.CartTest" name="testProceedToCheckout" time="5.868"/>
</testsuite> <!-- tests.CartTest -->
