<?xml version="1.0" encoding="UTF-8"?>
<!-- Generated by org.testng.reporters.JUnitReportReporter -->
<testsuite hostname="Victus_16" failures="0" tests="1" name="tests.IntegrationFlowTest" time="8.105" errors="0" timestamp="2025-09-09T10:18:03 IST" skipped="0">
  <testcase classname="tests.IntegrationFlowTest" name="endToEndUserJourney" time="8.105"/>
</testsuite> <!-- tests.IntegrationFlowTest -->
