<?xml version="1.0" encoding="UTF-8"?>
<!-- Generated by org.testng.reporters.JUnitReportReporter -->
<testsuite hostname="Victus_16" failures="0" tests="5" name="tests.LoginTest" time="7.337" errors="0" timestamp="2025-09-09T14:15:16 IST" skipped="0">
  <testcase classname="tests.LoginTest" name="openLoginPage" time="2.557"/>
  <testcase classname="tests.LoginTest" name="emptyPassword" time="0.864"/>
  <testcase classname="tests.LoginTest" name="invalidPassword" time="0.981"/>
  <testcase classname="tests.LoginTest" name="emptyUsername" time="0.818"/>
  <testcase classname="tests.LoginTest" name="validLogin" time="2.117"/>
</testsuite> <!-- tests.LoginTest -->
