<?xml version="1.0" encoding="UTF-8"?>
<!-- Generated by org.testng.reporters.JUnitReportReporter -->
<testsuite hostname="Victus_16" failures="0" tests="2" name="runners.TestRunner" time="4.715" errors="0" timestamp="2025-09-09T09:17:45 IST" skipped="0">
  <testcase classname="runners.TestRunner" name="runScenario" time="2.480"/>
  <testcase classname="runners.TestRunner" name="runScenario" time="2.235"/>
</testsuite> <!-- runners.TestRunner -->
