<?xml version="1.0" encoding="UTF-8"?>
<!-- Generated by org.testng.reporters.JUnitReportReporter -->
<testsuite hostname="Victus_16" failures="0" tests="4" name="tests.HomePageTest" time="38.807" errors="0" timestamp="2025-09-09T09:12:57 IST" skipped="0">
  <testcase classname="tests.HomePageTest" name="shouldSelectAndClearEachVendorInOnePass" time="22.047"/>
  <testcase classname="tests.HomePageTest" name="shouldSortCatalogAndCaptureShots" time="4.495"/>
  <testcase classname="tests.HomePageTest" name="shouldLoadCatalogAndListProducts" time="6.941"/>
  <testcase classname="tests.HomePageTest" name="shouldAddFirstProductToCart" time="5.324"/>
</testsuite> <!-- tests.HomePageTest -->
