<?xml version="1.0" encoding="UTF-8"?>
<!-- Generated by org.testng.reporters.JUnitReportReporter -->
<testsuite hostname="Victus_16" failures="0" tests="5" name="tests.CheckoutFlowTest" time="32.215" errors="0" timestamp="2025-09-09T12:18:47 IST" skipped="0">
  <testcase classname="tests.CheckoutFlowTest" name="testLogin" time="9.704"/>
  <testcase classname="tests.CheckoutFlowTest" name="testAddToCart" time="5.784"/>
  <testcase classname="tests.CheckoutFlowTest" name="testProceedToCheckout" time="6.179"/>
  <testcase classname="tests.CheckoutFlowTest" name="testFillAddressAndSubmit" time="5.431"/>
  <testcase classname="tests.CheckoutFlowTest" name="testOrderConfirmationAndReceipt" time="5.117"/>
</testsuite> <!-- tests.CheckoutFlowTest -->
