<?xml version="1.0" encoding="UTF-8"?>
<!-- Generated by org.testng.reporters.JUnitReportReporter -->
<testsuite hostname="Victus_16" failures="0" tests="5" name="tests.CheckoutFlowTest" time="30.356" errors="0" timestamp="2025-09-09T17:42:18 IST" skipped="0">
  <testcase classname="tests.CheckoutFlowTest" name="testLogin" time="8.525"/>
  <testcase classname="tests.CheckoutFlowTest" name="testAddToCart" time="5.756"/>
  <testcase classname="tests.CheckoutFlowTest" name="testProceedToCheckout" time="5.665"/>
  <testcase classname="tests.CheckoutFlowTest" name="testFillAddressAndSubmit" time="5.318"/>
  <testcase classname="tests.CheckoutFlowTest" name="testOrderConfirmationAndReceipt" time="5.092"/>
</testsuite> <!-- tests.CheckoutFlowTest -->
