<?xml version="1.0" encoding="UTF-8"?>
<!-- Generated by org.testng.reporters.JUnitReportReporter -->
<testsuite hostname="Victus_16" failures="0" tests="3" name="tests.CartTest" time="20.473" errors="0" timestamp="2025-09-09T11:32:08 IST" skipped="0">
  <testcase classname="tests.CartTest" name="testLoginAndOpenCart" time="9.593"/>
  <testcase classname="tests.CartTest" name="testAddItemAndAssertQuantity" time="5.187"/>
  <testcase classname="tests.CartTest" name="testProceedToCheckout" time="5.693"/>
</testsuite> <!-- tests.CartTest -->
