<?xml version="1.0" encoding="UTF-8"?>
<!-- Generated by org.testng.reporters.JUnitReportReporter -->
<testsuite hostname="Victus_16" failures="0" tests="5" name="tests.LoginTest" time="7.981" errors="0" timestamp="2025-09-09T10:18:03 IST" skipped="0">
  <testcase classname="tests.LoginTest" name="invalidPassword" time="1.214"/>
  <testcase classname="tests.LoginTest" name="validLogin" time="2.212"/>
  <testcase classname="tests.LoginTest" name="openLoginPage" time="2.355"/>
  <testcase classname="tests.LoginTest" name="emptyUsername" time="1.066"/>
  <testcase classname="tests.LoginTest" name="emptyPassword" time="1.134"/>
</testsuite> <!-- tests.LoginTest -->
