<?xml version="1.0" encoding="UTF-8"?>
<!-- Generated by org.testng.reporters.JUnitReportReporter -->
<testsuite hostname="Victus_16" failures="0" tests="5" name="tests.CheckoutFlowTest" time="31.526" errors="0" timestamp="2025-09-09T11:32:08 IST" skipped="0">
  <testcase classname="tests.CheckoutFlowTest" name="testLogin" time="9.063"/>
  <testcase classname="tests.CheckoutFlowTest" name="testAddToCart" time="5.796"/>
  <testcase classname="tests.CheckoutFlowTest" name="testProceedToCheckout" time="6.180"/>
  <testcase classname="tests.CheckoutFlowTest" name="testFillAddressAndSubmit" time="5.380"/>
  <testcase classname="tests.CheckoutFlowTest" name="testOrderConfirmationAndReceipt" time="5.107"/>
</testsuite> <!-- tests.CheckoutFlowTest -->
