<?xml version="1.0" encoding="UTF-8"?>
<!-- Generated by org.testng.reporters.JUnitReportReporter -->
<testsuite hostname="Victus_16" failures="0" tests="3" name="tests.CartTest" time="20.415" errors="0" timestamp="2025-09-09T09:17:45 IST" skipped="0">
  <testcase classname="tests.CartTest" name="testLoginAndOpenCart" time="9.252"/>
  <testcase classname="tests.CartTest" name="testAddItemAndAssertQuantity" time="5.330"/>
  <testcase classname="tests.CartTest" name="testProceedToCheckout" time="5.833"/>
</testsuite> <!-- tests.CartTest -->
