<?xml version="1.0" encoding="UTF-8"?>
<!-- Generated by org.testng.reporters.JUnitReportReporter -->
<testsuite hostname="Victus_16" failures="0" tests="5" name="tests.LoginTest" time="6.398" errors="0" timestamp="2025-09-09T12:18:47 IST" skipped="0">
  <testcase classname="tests.LoginTest" name="openLoginPage" time="2.262"/>
  <testcase classname="tests.LoginTest" name="invalidPassword" time="0.837"/>
  <testcase classname="tests.LoginTest" name="emptyUsername" time="0.734"/>
  <testcase classname="tests.LoginTest" name="validLogin" time="1.784"/>
  <testcase classname="tests.LoginTest" name="emptyPassword" time="0.781"/>
</testsuite> <!-- tests.LoginTest -->
