<?xml version="1.0" encoding="UTF-8"?>
<!-- Generated by org.testng.reporters.JUnitReportReporter -->
<testsuite hostname="Victus_16" failures="0" tests="5" name="tests.CheckoutFlowTest" time="36.197" errors="0" timestamp="2025-09-09T09:17:45 IST" skipped="0">
  <testcase classname="tests.CheckoutFlowTest" name="testLogin" time="13.096"/>
  <testcase classname="tests.CheckoutFlowTest" name="testAddToCart" time="6.080"/>
  <testcase classname="tests.CheckoutFlowTest" name="testProceedToCheckout" time="5.827"/>
  <testcase classname="tests.CheckoutFlowTest" name="testFillAddressAndSubmit" time="5.999"/>
  <testcase classname="tests.CheckoutFlowTest" name="testOrderConfirmationAndReceipt" time="5.195"/>
</testsuite> <!-- tests.CheckoutFlowTest -->
