<?xml version="1.0" encoding="UTF-8"?>
<!-- Generated by org.testng.reporters.JUnitReportReporter -->
<testsuite hostname="Victus_16" failures="0" tests="3" name="tests.CartTest" time="21.127" errors="0" timestamp="2025-09-09T09:07:53 IST" skipped="0">
  <testcase classname="tests.CartTest" name="testLoginAndOpenCart" time="9.934"/>
  <testcase classname="tests.CartTest" name="testAddItemAndAssertQuantity" time="5.335"/>
  <testcase classname="tests.CartTest" name="testProceedToCheckout" time="5.858"/>
</testsuite> <!-- tests.CartTest -->
