<?xml version="1.0" encoding="UTF-8"?>
<!-- Generated by org.testng.reporters.JUnitReportReporter -->
<testsuite hostname="Victus_16" failures="0" tests="4" name="tests.HomePageTest" time="36.767" errors="0" timestamp="2025-09-09T11:32:09 IST" skipped="0">
  <testcase classname="tests.HomePageTest" name="shouldAddFirstProductToCart" time="5.197"/>
  <testcase classname="tests.HomePageTest" name="shouldSelectAndClearEachVendorInOnePass" time="21.044"/>
  <testcase classname="tests.HomePageTest" name="shouldSortCatalogAndCaptureShots" time="4.238"/>
  <testcase classname="tests.HomePageTest" name="shouldLoadCatalogAndListProducts" time="6.288"/>
</testsuite> <!-- tests.HomePageTest -->
