<?xml version="1.0" encoding="UTF-8"?>
<!-- Generated by org.testng.reporters.JUnitReportReporter -->
<testsuite hostname="Victus_16" failures="0" tests="5" name="tests.LoginTest" time="7.927" errors="0" timestamp="2025-09-08T17:18:39 IST" skipped="0">
  <testcase classname="tests.LoginTest" name="emptyUsername" time="0.802"/>
  <testcase classname="tests.LoginTest" name="invalidPassword" time="0.890"/>
  <testcase classname="tests.LoginTest" name="emptyPassword" time="0.848"/>
  <testcase classname="tests.LoginTest" name="validLogin" time="1.797"/>
  <testcase classname="tests.LoginTest" name="openLoginPage" time="3.590"/>
</testsuite> <!-- tests.LoginTest -->
