<?xml version="1.0" encoding="UTF-8"?>
<!-- Generated by org.testng.reporters.JUnitReportReporter -->
<testsuite hostname="Victus_16" failures="0" tests="4" name="tests.HomePageTest" time="37.419" errors="0" timestamp="2025-09-09T12:18:47 IST" skipped="0">
  <testcase classname="tests.HomePageTest" name="shouldSelectAndClearEachVendorInOnePass" time="21.082"/>
  <testcase classname="tests.HomePageTest" name="shouldAddFirstProductToCart" time="5.199"/>
  <testcase classname="tests.HomePageTest" name="shouldSortCatalogAndCaptureShots" time="4.266"/>
  <testcase classname="tests.HomePageTest" name="shouldLoadCatalogAndListProducts" time="6.872"/>
</testsuite> <!-- tests.HomePageTest -->
