<?xml version="1.0" encoding="UTF-8"?>
<!-- Generated by org.testng.reporters.JUnitReportReporter -->
<testsuite hostname="Victus_16" failures="0" tests="2" name="tests.FavoritesTest" time="13.017" errors="0" timestamp="2025-09-09T09:12:57 IST" skipped="0">
  <testcase classname="tests.FavoritesTest" name="testAddFavorite" time="9.717"/>
  <testcase classname="tests.FavoritesTest" name="testOpenFavouritesAndAssert" time="3.300"/>
</testsuite> <!-- tests.FavoritesTest -->
