<?xml version="1.0" encoding="UTF-8"?>
<!-- Generated by org.testng.reporters.JUnitReportReporter -->
<testsuite hostname="Victus_16" failures="0" tests="3" name="tests.OrderConfirmationTest" time="16.876" errors="0" timestamp="2025-09-09T11:32:09 IST" skipped="0">
  <testcase classname="tests.OrderConfirmationTest" name="addItemOpenCartAndAssertQty" time="10.541"/>
  <testcase classname="tests.OrderConfirmationTest" name="proceedToCheckoutAndFillAddress" time="6.095"/>
  <testcase classname="tests.OrderConfirmationTest" name="assertConfirmationAndDownloadReceipt" time="0.240"/>
</testsuite> <!-- tests.OrderConfirmationTest -->
