<?xml version="1.0" encoding="UTF-8"?>
<!-- Generated by org.testng.reporters.JUnitReportReporter -->
<testsuite hostname="Victus_16" failures="0" tests="4" name="tests.HomePageTest" time="38.939" errors="0" timestamp="2025-09-09T14:49:32 IST" skipped="0">
  <testcase classname="tests.HomePageTest" name="shouldAddFirstProductToCart" time="5.200"/>
  <testcase classname="tests.HomePageTest" name="shouldSelectAndClearEachVendorInOnePass" time="21.110"/>
  <testcase classname="tests.HomePageTest" name="shouldLoadCatalogAndListProducts" time="8.378"/>
  <testcase classname="tests.HomePageTest" name="shouldSortCatalogAndCaptureShots" time="4.251"/>
</testsuite> <!-- tests.HomePageTest -->
