<?xml version="1.0" encoding="UTF-8"?>
<!-- Generated by org.testng.reporters.JUnitReportReporter -->
<testsuite hostname="Victus_16" failures="0" tests="5" name="tests.CheckoutFlowTest" time="31.740" errors="0" timestamp="2025-09-09T09:07:53 IST" skipped="0">
  <testcase classname="tests.CheckoutFlowTest" name="testLogin" time="9.199"/>
  <testcase classname="tests.CheckoutFlowTest" name="testAddToCart" time="5.547"/>
  <testcase classname="tests.CheckoutFlowTest" name="testProceedToCheckout" time="5.869"/>
  <testcase classname="tests.CheckoutFlowTest" name="testFillAddressAndSubmit" time="5.932"/>
  <testcase classname="tests.CheckoutFlowTest" name="testOrderConfirmationAndReceipt" time="5.193"/>
</testsuite> <!-- tests.CheckoutFlowTest -->
