<?xml version="1.0" encoding="UTF-8"?>
<!-- Generated by org.testng.reporters.JUnitReportReporter -->
<testsuite hostname="Victus_16" failures="0" tests="1" name="tests.OffersPageTest" time="16.647" errors="0" timestamp="2025-09-09T09:21:58 IST" skipped="0">
  <testcase classname="tests.OffersPageTest" name="shouldShowNoPromotionalOffersMessage" time="16.647"/>
</testsuite> <!-- tests.OffersPageTest -->
