<?xml version="1.0" encoding="UTF-8"?>
<!-- Generated by org.testng.reporters.JUnitReportReporter -->
<testsuite hostname="Victus_16" failures="0" tests="4" name="tests.HomePageTest" time="40.588" errors="0" timestamp="2025-09-09T09:52:08 IST" skipped="0">
  <testcase classname="tests.HomePageTest" name="shouldAddFirstProductToCart" time="5.312"/>
  <testcase classname="tests.HomePageTest" name="shouldLoadCatalogAndListProducts" time="8.563"/>
  <testcase classname="tests.HomePageTest" name="shouldSelectAndClearEachVendorInOnePass" time="22.166"/>
  <testcase classname="tests.HomePageTest" name="shouldSortCatalogAndCaptureShots" time="4.547"/>
</testsuite> <!-- tests.HomePageTest -->
