<?xml version="1.0" encoding="UTF-8"?>
<!-- Generated by org.testng.reporters.JUnitReportReporter -->
<testsuite hostname="Victus_16" failures="0" tests="5" name="tests.CheckoutFlowTest" time="32.137" errors="0" timestamp="2025-09-09T14:15:16 IST" skipped="0">
  <testcase classname="tests.CheckoutFlowTest" name="testLogin" time="10.048"/>
  <testcase classname="tests.CheckoutFlowTest" name="testAddToCart" time="5.827"/>
  <testcase classname="tests.CheckoutFlowTest" name="testProceedToCheckout" time="5.683"/>
  <testcase classname="tests.CheckoutFlowTest" name="testFillAddressAndSubmit" time="5.477"/>
  <testcase classname="tests.CheckoutFlowTest" name="testOrderConfirmationAndReceipt" time="5.102"/>
</testsuite> <!-- tests.CheckoutFlowTest -->
