<?xml version="1.0" encoding="UTF-8"?>
<!-- Generated by org.testng.reporters.JUnitReportReporter -->
<testsuite hostname="Victus_16" failures="0" tests="2" name="runners.TestRunner" time="6.254" errors="0" timestamp="2025-09-08T17:18:39 IST" skipped="0">
  <testcase classname="runners.TestRunner" name="runScenario" time="4.467"/>
  <testcase classname="runners.TestRunner" name="runScenario" time="1.787"/>
</testsuite> <!-- runners.TestRunner -->
