<?xml version="1.0" encoding="UTF-8"?>
<!-- Generated by org.testng.reporters.JUnitReportReporter -->
<testsuite hostname="Victus_16" failures="0" tests="5" name="tests.LoginTest" time="11.923" errors="0" timestamp="2025-09-09T09:12:57 IST" skipped="0">
  <testcase classname="tests.LoginTest" name="invalidPassword" time="1.257"/>
  <testcase classname="tests.LoginTest" name="validLogin" time="2.451"/>
  <testcase classname="tests.LoginTest" name="openLoginPage" time="5.851"/>
  <testcase classname="tests.LoginTest" name="emptyPassword" time="1.223"/>
  <testcase classname="tests.LoginTest" name="emptyUsername" time="1.141"/>
</testsuite> <!-- tests.LoginTest -->
