<?xml version="1.0" encoding="UTF-8"?>
<!-- Generated by org.testng.reporters.JUnitReportReporter -->
<testsuite hostname="Victus_16" failures="0" tests="4" name="tests.HomePageTest" time="37.698" errors="0" timestamp="2025-09-09T17:42:18 IST" skipped="0">
  <testcase classname="tests.HomePageTest" name="shouldSortCatalogAndCaptureShots" time="4.236"/>
  <testcase classname="tests.HomePageTest" name="shouldAddFirstProductToCart" time="5.172"/>
  <testcase classname="tests.HomePageTest" name="shouldLoadCatalogAndListProducts" time="7.253"/>
  <testcase classname="tests.HomePageTest" name="shouldSelectAndClearEachVendorInOnePass" time="21.037"/>
</testsuite> <!-- tests.HomePageTest -->
