<?xml version="1.0" encoding="UTF-8"?>
<!-- Generated by org.testng.reporters.JUnitReportReporter -->
<testsuite hostname="Victus_16" failures="0" tests="4" name="tests.HomePageTest" time="39.359" errors="0" timestamp="2025-09-09T09:17:45 IST" skipped="0">
  <testcase classname="tests.HomePageTest" name="shouldLoadCatalogAndListProducts" time="7.172"/>
  <testcase classname="tests.HomePageTest" name="shouldSelectAndClearEachVendorInOnePass" time="22.326"/>
  <testcase classname="tests.HomePageTest" name="shouldAddFirstProductToCart" time="5.349"/>
  <testcase classname="tests.HomePageTest" name="shouldSortCatalogAndCaptureShots" time="4.512"/>
</testsuite> <!-- tests.HomePageTest -->
