<?xml version="1.0" encoding="UTF-8"?>
<!-- Generated by org.testng.reporters.JUnitReportReporter -->
<testsuite hostname="Victus_16" failures="0" tests="2" name="runners.TestRunner" time="7.464" errors="0" timestamp="2025-09-09T14:49:32 IST" skipped="0">
  <testcase classname="runners.TestRunner" name="runScenario" time="5.278"/>
  <testcase classname="runners.TestRunner" name="runScenario" time="2.186"/>
</testsuite> <!-- runners.TestRunner -->
