<?xml version="1.0" encoding="UTF-8"?>
<!-- Generated by org.testng.reporters.JUnitReportReporter -->
<testsuite hostname="Victus_16" failures="0" tests="5" name="tests.LoginTest" time="10.036" errors="0" timestamp="2025-09-09T14:49:32 IST" skipped="0">
  <testcase classname="tests.LoginTest" name="emptyUsername" time="0.812"/>
  <testcase classname="tests.LoginTest" name="openLoginPage" time="4.792"/>
  <testcase classname="tests.LoginTest" name="emptyPassword" time="1.297"/>
  <testcase classname="tests.LoginTest" name="validLogin" time="2.269"/>
  <testcase classname="tests.LoginTest" name="invalidPassword" time="0.866"/>
</testsuite> <!-- tests.LoginTest -->
