<?xml version="1.0" encoding="UTF-8"?>
<!-- Generated by org.testng.reporters.JUnitReportReporter -->
<testsuite hostname="Victus_16" failures="0" tests="5" name="tests.LoginTest" time="8.711" errors="0" timestamp="2025-09-09T11:32:08 IST" skipped="0">
  <testcase classname="tests.LoginTest" name="emptyPassword" time="0.826"/>
  <testcase classname="tests.LoginTest" name="validLogin" time="1.737"/>
  <testcase classname="tests.LoginTest" name="invalidPassword" time="0.803"/>
  <testcase classname="tests.LoginTest" name="openLoginPage" time="4.614"/>
  <testcase classname="tests.LoginTest" name="emptyUsername" time="0.731"/>
</testsuite> <!-- tests.LoginTest -->
