<?xml version="1.0" encoding="UTF-8"?>
<!-- Generated by org.testng.reporters.JUnitReportReporter -->
<testsuite hostname="Victus_16" failures="0" tests="5" name="tests.CheckoutFlowTest" time="36.589" errors="0" timestamp="2025-09-09T09:52:08 IST" skipped="0">
  <testcase classname="tests.CheckoutFlowTest" name="testLogin" time="14.226"/>
  <testcase classname="tests.CheckoutFlowTest" name="testAddToCart" time="5.571"/>
  <testcase classname="tests.CheckoutFlowTest" name="testProceedToCheckout" time="5.843"/>
  <testcase classname="tests.CheckoutFlowTest" name="testFillAddressAndSubmit" time="5.777"/>
  <testcase classname="tests.CheckoutFlowTest" name="testOrderConfirmationAndReceipt" time="5.172"/>
</testsuite> <!-- tests.CheckoutFlowTest -->
