<?xml version="1.0" encoding="UTF-8"?>
<!-- Generated by org.testng.reporters.JUnitReportReporter -->
<testsuite hostname="Victus_16" failures="0" tests="5" name="tests.CheckoutFlowTest" time="31.739" errors="0" timestamp="2025-09-09T10:18:03 IST" skipped="0">
  <testcase classname="tests.CheckoutFlowTest" name="testLogin" time="9.312"/>
  <testcase classname="tests.CheckoutFlowTest" name="testAddToCart" time="5.629"/>
  <testcase classname="tests.CheckoutFlowTest" name="testProceedToCheckout" time="5.825"/>
  <testcase classname="tests.CheckoutFlowTest" name="testFillAddressAndSubmit" time="5.792"/>
  <testcase classname="tests.CheckoutFlowTest" name="testOrderConfirmationAndReceipt" time="5.181"/>
</testsuite> <!-- tests.CheckoutFlowTest -->
