<?xml version="1.0" encoding="UTF-8"?>
<!-- Generated by org.testng.reporters.JUnitReportReporter -->
<testsuite hostname="Victus_16" failures="0" tests="3" name="tests.CartTest" time="22.601" errors="0" timestamp="2025-09-09T14:49:32 IST" skipped="0">
  <testcase classname="tests.CartTest" name="testLoginAndOpenCart" time="11.712"/>
  <testcase classname="tests.CartTest" name="testAddItemAndAssertQuantity" time="5.195"/>
  <testcase classname="tests.CartTest" name="testProceedToCheckout" time="5.694"/>
</testsuite> <!-- tests.CartTest -->
