<?xml version="1.0" encoding="UTF-8"?>
<!-- Generated by org.testng.reporters.JUnitReportReporter -->
<testsuite hostname="Victus_16" failures="0" tests="5" name="tests.CheckoutFlowTest" time="34.797" errors="0" timestamp="2025-09-09T14:49:32 IST" skipped="0">
  <testcase classname="tests.CheckoutFlowTest" name="testLogin" time="12.854"/>
  <testcase classname="tests.CheckoutFlowTest" name="testAddToCart" time="5.814"/>
  <testcase classname="tests.CheckoutFlowTest" name="testProceedToCheckout" time="5.676"/>
  <testcase classname="tests.CheckoutFlowTest" name="testFillAddressAndSubmit" time="5.363"/>
  <testcase classname="tests.CheckoutFlowTest" name="testOrderConfirmationAndReceipt" time="5.090"/>
</testsuite> <!-- tests.CheckoutFlowTest -->
