<?xml version="1.0" encoding="UTF-8"?>
<!-- Generated by org.testng.reporters.JUnitReportReporter -->
<testsuite hostname="Victus_16" failures="0" tests="2" name="runners.TestRunner" time="16.320" errors="0" timestamp="2025-09-09T17:42:18 IST" skipped="0">
  <testcase classname="runners.TestRunner" name="runScenario" time="14.515"/>
  <testcase classname="runners.TestRunner" name="runScenario" time="1.805"/>
</testsuite> <!-- runners.TestRunner -->
