<?xml version="1.0" encoding="UTF-8"?>
<!-- Generated by org.testng.reporters.JUnitReportReporter -->
<testsuite hostname="Victus_16" failures="0" tests="2" name="runners.TestRunner" time="9.251" errors="0" timestamp="2025-09-09T09:12:57 IST" skipped="0">
  <testcase classname="runners.TestRunner" name="runScenario" time="6.935"/>
  <testcase classname="runners.TestRunner" name="runScenario" time="2.316"/>
</testsuite> <!-- runners.TestRunner -->
