<?xml version="1.0" encoding="UTF-8"?>
<!-- Generated by org.testng.reporters.JUnitReportReporter -->
<testsuite hostname="Victus_16" failures="0" tests="1" name="tests.IntegrationFlowTest" time="10.123" errors="0" timestamp="2025-09-09T09:12:57 IST" skipped="0">
  <testcase classname="tests.IntegrationFlowTest" name="endToEndUserJourney" time="10.123"/>
</testsuite> <!-- tests.IntegrationFlowTest -->
