<?xml version="1.0" encoding="UTF-8"?>
<!-- Generated by org.testng.reporters.JUnitReportReporter -->
<testsuite hostname="Victus_16" failures="0" tests="5" name="tests.CheckoutFlowTest" time="30.463" errors="0" timestamp="2025-09-08T17:18:39 IST" skipped="0">
  <testcase classname="tests.CheckoutFlowTest" name="testLogin" time="8.551"/>
  <testcase classname="tests.CheckoutFlowTest" name="testAddToCart" time="5.775"/>
  <testcase classname="tests.CheckoutFlowTest" name="testProceedToCheckout" time="5.677"/>
  <testcase classname="tests.CheckoutFlowTest" name="testFillAddressAndSubmit" time="5.367"/>
  <testcase classname="tests.CheckoutFlowTest" name="testOrderConfirmationAndReceipt" time="5.093"/>
</testsuite> <!-- tests.CheckoutFlowTest -->
