<?xml version="1.0" encoding="UTF-8"?>
<!-- Generated by org.testng.reporters.JUnitReportReporter -->
<testsuite hostname="Victus_16" failures="0" tests="2" name="runners.TestRunner" time="5.021" errors="0" timestamp="2025-09-09T09:07:53 IST" skipped="0">
  <testcase classname="runners.TestRunner" name="runScenario" time="2.640"/>
  <testcase classname="runners.TestRunner" name="runScenario" time="2.381"/>
</testsuite> <!-- runners.TestRunner -->
