<?xml version="1.0" encoding="UTF-8"?>
<!-- Generated by org.testng.reporters.JUnitReportReporter -->
<testsuite hostname="Victus_16" failures="0" tests="5" name="tests.LoginTest" time="6.333" errors="0" timestamp="2025-09-09T17:42:18 IST" skipped="0">
  <testcase classname="tests.LoginTest" name="emptyUsername" time="0.783"/>
  <testcase classname="tests.LoginTest" name="emptyPassword" time="0.759"/>
  <testcase classname="tests.LoginTest" name="openLoginPage" time="2.298"/>
  <testcase classname="tests.LoginTest" name="invalidPassword" time="0.856"/>
  <testcase classname="tests.LoginTest" name="validLogin" time="1.637"/>
</testsuite> <!-- tests.LoginTest -->
