<?xml version="1.0" encoding="UTF-8"?>
<!-- Generated by org.testng.reporters.JUnitReportReporter -->
<testsuite hostname="Victus_16" failures="0" tests="4" name="tests.HomePageTest" time="37.218" errors="0" timestamp="2025-09-08T17:18:39 IST" skipped="0">
  <testcase classname="tests.HomePageTest" name="shouldLoadCatalogAndListProducts" time="6.439"/>
  <testcase classname="tests.HomePageTest" name="shouldAddFirstProductToCart" time="5.182"/>
  <testcase classname="tests.HomePageTest" name="shouldSelectAndClearEachVendorInOnePass" time="21.255"/>
  <testcase classname="tests.HomePageTest" name="shouldSortCatalogAndCaptureShots" time="4.342"/>
</testsuite> <!-- tests.HomePageTest -->
