<?xml version="1.0" encoding="UTF-8"?>
<!-- Generated by org.testng.reporters.JUnitReportReporter -->
<testsuite hostname="Victus_16" failures="0" tests="5" name="tests.LoginTest" time="7.995" errors="0" timestamp="2025-09-09T09:07:53 IST" skipped="0">
  <testcase classname="tests.LoginTest" name="invalidPassword" time="1.221"/>
  <testcase classname="tests.LoginTest" name="validLogin" time="2.027"/>
  <testcase classname="tests.LoginTest" name="openLoginPage" time="2.512"/>
  <testcase classname="tests.LoginTest" name="emptyPassword" time="1.134"/>
  <testcase classname="tests.LoginTest" name="emptyUsername" time="1.101"/>
</testsuite> <!-- tests.LoginTest -->
