<?xml version="1.0" encoding="UTF-8"?>
<!-- Generated by org.testng.reporters.JUnitReportReporter -->
<testsuite hostname="Victus_16" failures="0" tests="3" name="tests.CartTest" time="21.192" errors="0" timestamp="2025-09-09T14:15:16 IST" skipped="0">
  <testcase classname="tests.CartTest" name="testLoginAndOpenCart" time="9.823"/>
  <testcase classname="tests.CartTest" name="testAddItemAndAssertQuantity" time="5.178"/>
  <testcase classname="tests.CartTest" name="testProceedToCheckout" time="6.191"/>
</testsuite> <!-- tests.CartTest -->
