<?xml version="1.0" encoding="UTF-8"?>
<!-- Generated by org.testng.reporters.JUnitReportReporter -->
<testsuite hostname="Victus_16" failures="0" tests="4" name="tests.HomePageTest" time="42.856" errors="0" timestamp="2025-09-09T09:07:53 IST" skipped="0">
  <testcase classname="tests.HomePageTest" name="shouldLoadCatalogAndListProducts" time="10.640"/>
  <testcase classname="tests.HomePageTest" name="shouldSelectAndClearEachVendorInOnePass" time="22.197"/>
  <testcase classname="tests.HomePageTest" name="shouldSortCatalogAndCaptureShots" time="4.516"/>
  <testcase classname="tests.HomePageTest" name="shouldAddFirstProductToCart" time="5.503"/>
</testsuite> <!-- tests.HomePageTest -->
