<?xml version="1.0" encoding="UTF-8"?>
<!-- Generated by org.testng.reporters.JUnitReportReporter -->
<testsuite hostname="Victus_16" failures="0" tests="2" name="tests.FavoritesTest" time="16.789" errors="0" timestamp="2025-09-09T10:18:03 IST" skipped="0">
  <testcase classname="tests.FavoritesTest" name="testAddFavorite" time="13.488"/>
  <testcase classname="tests.FavoritesTest" name="testOpenFavouritesAndAssert" time="3.301"/>
</testsuite> <!-- tests.FavoritesTest -->
